{"/home/omar/LINKED-LIST/LinkedList.js": {"path":"/home/omar/LINKED-LIST/LinkedList.js","statementMap":{"0":{"start":{"line":3,"column":4},"end":{"line":3,"column":21}},"1":{"start":{"line":4,"column":4},"end":{"line":4,"column":20}},"2":{"start":{"line":8,"column":20},"end":{"line":8,"column":55}},"3":{"start":{"line":9,"column":4},"end":{"line":9,"column":24}},"4":{"start":{"line":10,"column":4},"end":{"line":10,"column":18}},"5":{"start":{"line":14,"column":20},"end":{"line":14,"column":45}},"6":{"start":{"line":15,"column":4},"end":{"line":23,"column":5}},"7":{"start":{"line":16,"column":6},"end":{"line":16,"column":26}},"8":{"start":{"line":18,"column":23},"end":{"line":18,"column":32}},"9":{"start":{"line":19,"column":6},"end":{"line":21,"column":7}},"10":{"start":{"line":20,"column":8},"end":{"line":20,"column":37}},"11":{"start":{"line":22,"column":6},"end":{"line":22,"column":32}},"12":{"start":{"line":27,"column":4},"end":{"line":27,"column":55}},"13":{"start":{"line":27,"column":43},"end":{"line":27,"column":55}},"14":{"start":{"line":29,"column":18},"end":{"line":29,"column":27}},"15":{"start":{"line":30,"column":4},"end":{"line":32,"column":5}},"16":{"start":{"line":30,"column":17},"end":{"line":30,"column":18}},"17":{"start":{"line":31,"column":6},"end":{"line":31,"column":29}},"18":{"start":{"line":33,"column":4},"end":{"line":33,"column":19}},"19":{"start":{"line":37,"column":4},"end":{"line":37,"column":53}},"20":{"start":{"line":37,"column":21},"end":{"line":37,"column":53}},"21":{"start":{"line":39,"column":17},"end":{"line":39,"column":43}},"22":{"start":{"line":40,"column":4},"end":{"line":40,"column":34}},"23":{"start":{"line":40,"column":22},"end":{"line":40,"column":34}},"24":{"start":{"line":42,"column":4},"end":{"line":42,"column":53}},"25":{"start":{"line":43,"column":4},"end":{"line":43,"column":18}},"26":{"start":{"line":47,"column":4},"end":{"line":47,"column":31}},"27":{"start":{"line":48,"column":4},"end":{"line":48,"column":18}},"28":{"start":{"line":52,"column":4},"end":{"line":52,"column":46}},"29":{"start":{"line":52,"column":21},"end":{"line":52,"column":46}},"30":{"start":{"line":54,"column":17},"end":{"line":54,"column":43}},"31":{"start":{"line":55,"column":4},"end":{"line":55,"column":34}},"32":{"start":{"line":55,"column":22},"end":{"line":55,"column":34}},"33":{"start":{"line":57,"column":4},"end":{"line":57,"column":30}},"34":{"start":{"line":58,"column":4},"end":{"line":58,"column":17}},"35":{"start":{"line":62,"column":4},"end":{"line":62,"column":40}},"36":{"start":{"line":62,"column":28},"end":{"line":62,"column":40}},"37":{"start":{"line":63,"column":4},"end":{"line":66,"column":5}},"38":{"start":{"line":64,"column":6},"end":{"line":64,"column":33}},"39":{"start":{"line":65,"column":6},"end":{"line":65,"column":18}},"40":{"start":{"line":67,"column":14},"end":{"line":67,"column":39}},"41":{"start":{"line":69,"column":4},"end":{"line":69,"column":27}},"42":{"start":{"line":84,"column":17},"end":{"line":84,"column":19}},"43":{"start":{"line":85,"column":18},"end":{"line":85,"column":27}},"44":{"start":{"line":86,"column":4},"end":{"line":89,"column":5}},"45":{"start":{"line":87,"column":6},"end":{"line":87,"column":47}},"46":{"start":{"line":88,"column":6},"end":{"line":88,"column":29}},"47":{"start":{"line":90,"column":4},"end":{"line":90,"column":33}},"48":{"start":{"line":96,"column":4},"end":{"line":96,"column":23}},"49":{"start":{"line":97,"column":4},"end":{"line":97,"column":21}},"50":{"start":{"line":101,"column":0},"end":{"line":107,"column":2}},"51":{"start":{"line":102,"column":13},"end":{"line":102,"column":29}},"52":{"start":{"line":103,"column":2},"end":{"line":105,"column":3}},"53":{"start":{"line":103,"column":15},"end":{"line":103,"column":32}},"54":{"start":{"line":104,"column":4},"end":{"line":104,"column":31}},"55":{"start":{"line":106,"column":2},"end":{"line":106,"column":12}},"56":{"start":{"line":109,"column":0},"end":{"line":109,"column":28}}},"fnMap":{"0":{"name":"(anonymous_0)","decl":{"start":{"line":2,"column":2},"end":{"line":2,"column":3}},"loc":{"start":{"line":2,"column":16},"end":{"line":5,"column":3}},"line":2},"1":{"name":"(anonymous_1)","decl":{"start":{"line":7,"column":2},"end":{"line":7,"column":3}},"loc":{"start":{"line":7,"column":21},"end":{"line":11,"column":3}},"line":7},"2":{"name":"(anonymous_2)","decl":{"start":{"line":13,"column":2},"end":{"line":13,"column":3}},"loc":{"start":{"line":13,"column":16},"end":{"line":24,"column":3}},"line":13},"3":{"name":"(anonymous_3)","decl":{"start":{"line":26,"column":2},"end":{"line":26,"column":3}},"loc":{"start":{"line":26,"column":20},"end":{"line":34,"column":3}},"line":26},"4":{"name":"(anonymous_4)","decl":{"start":{"line":36,"column":2},"end":{"line":36,"column":3}},"loc":{"start":{"line":36,"column":30},"end":{"line":44,"column":3}},"line":36},"5":{"name":"(anonymous_5)","decl":{"start":{"line":46,"column":2},"end":{"line":46,"column":3}},"loc":{"start":{"line":46,"column":15},"end":{"line":49,"column":3}},"line":46},"6":{"name":"(anonymous_6)","decl":{"start":{"line":51,"column":2},"end":{"line":51,"column":3}},"loc":{"start":{"line":51,"column":23},"end":{"line":59,"column":3}},"line":51},"7":{"name":"(anonymous_7)","decl":{"start":{"line":61,"column":2},"end":{"line":61,"column":3}},"loc":{"start":{"line":61,"column":19},"end":{"line":81,"column":3}},"line":61},"8":{"name":"(anonymous_8)","decl":{"start":{"line":83,"column":2},"end":{"line":83,"column":3}},"loc":{"start":{"line":83,"column":10},"end":{"line":91,"column":3}},"line":83},"9":{"name":"(anonymous_9)","decl":{"start":{"line":95,"column":2},"end":{"line":95,"column":3}},"loc":{"start":{"line":95,"column":27},"end":{"line":98,"column":3}},"line":95},"10":{"name":"(anonymous_10)","decl":{"start":{"line":101,"column":24},"end":{"line":101,"column":25}},"loc":{"start":{"line":101,"column":45},"end":{"line":107,"column":1}},"line":101}},"branchMap":{"0":{"loc":{"start":{"line":15,"column":4},"end":{"line":23,"column":5}},"type":"if","locations":[{"start":{"line":15,"column":4},"end":{"line":23,"column":5}},{"start":{"line":17,"column":11},"end":{"line":23,"column":5}}],"line":15},"1":{"loc":{"start":{"line":27,"column":4},"end":{"line":27,"column":55}},"type":"if","locations":[{"start":{"line":27,"column":4},"end":{"line":27,"column":55}},{"start":{},"end":{}}],"line":27},"2":{"loc":{"start":{"line":27,"column":8},"end":{"line":27,"column":41}},"type":"binary-expr","locations":[{"start":{"line":27,"column":8},"end":{"line":27,"column":17}},{"start":{"line":27,"column":21},"end":{"line":27,"column":41}}],"line":27},"3":{"loc":{"start":{"line":37,"column":4},"end":{"line":37,"column":53}},"type":"if","locations":[{"start":{"line":37,"column":4},"end":{"line":37,"column":53}},{"start":{},"end":{}}],"line":37},"4":{"loc":{"start":{"line":40,"column":4},"end":{"line":40,"column":34}},"type":"if","locations":[{"start":{"line":40,"column":4},"end":{"line":40,"column":34}},{"start":{},"end":{}}],"line":40},"5":{"loc":{"start":{"line":52,"column":4},"end":{"line":52,"column":46}},"type":"if","locations":[{"start":{"line":52,"column":4},"end":{"line":52,"column":46}},{"start":{},"end":{}}],"line":52},"6":{"loc":{"start":{"line":55,"column":4},"end":{"line":55,"column":34}},"type":"if","locations":[{"start":{"line":55,"column":4},"end":{"line":55,"column":34}},{"start":{},"end":{}}],"line":55},"7":{"loc":{"start":{"line":62,"column":4},"end":{"line":62,"column":40}},"type":"if","locations":[{"start":{"line":62,"column":4},"end":{"line":62,"column":40}},{"start":{},"end":{}}],"line":62},"8":{"loc":{"start":{"line":63,"column":4},"end":{"line":66,"column":5}},"type":"if","locations":[{"start":{"line":63,"column":4},"end":{"line":66,"column":5}},{"start":{},"end":{}}],"line":63}},"s":{"0":15,"1":15,"2":42,"3":42,"4":42,"5":0,"6":0,"7":0,"8":0,"9":0,"10":0,"11":0,"12":14,"13":6,"14":8,"15":8,"16":8,"17":10,"18":8,"19":4,"20":1,"21":3,"22":3,"23":2,"24":1,"25":1,"26":2,"27":2,"28":5,"29":1,"30":4,"31":4,"32":2,"33":2,"34":2,"35":1,"36":0,"37":1,"38":0,"39":0,"40":1,"41":1,"42":0,"43":0,"44":0,"45":0,"46":0,"47":0,"48":43,"49":43,"50":1,"51":14,"52":14,"53":14,"54":39,"55":14,"56":1},"f":{"0":15,"1":42,"2":0,"3":14,"4":4,"5":2,"6":5,"7":1,"8":0,"9":43,"10":14},"b":{"0":[0,0],"1":[6,8],"2":[14,10],"3":[1,3],"4":[2,1],"5":[1,4],"6":[2,2],"7":[0,1],"8":[0,1]},"_coverageSchema":"1a1c01bbd47fc00a2c39e90264f33305004495a9","hash":"f7ead0bacb188614b74ff3222f8cd01e164f1657"}
}
