TN:
SF:LinkedList.js
FN:2,(anonymous_0)
FN:7,(anonymous_1)
FN:13,(anonymous_2)
FN:26,(anonymous_3)
FN:36,(anonymous_4)
FN:46,(anonymous_5)
FN:51,(anonymous_6)
FN:61,(anonymous_7)
FN:83,(anonymous_8)
FN:95,(anonymous_9)
FN:101,(anonymous_10)
FNF:11
FNH:9
FNDA:15,(anonymous_0)
FNDA:42,(anonymous_1)
FNDA:0,(anonymous_2)
FNDA:14,(anonymous_3)
FNDA:4,(anonymous_4)
FNDA:2,(anonymous_5)
FNDA:5,(anonymous_6)
FNDA:1,(anonymous_7)
FNDA:0,(anonymous_8)
FNDA:43,(anonymous_9)
FNDA:14,(anonymous_10)
DA:3,15
DA:4,15
DA:8,42
DA:9,42
DA:10,42
DA:14,0
DA:15,0
DA:16,0
DA:18,0
DA:19,0
DA:20,0
DA:22,0
DA:27,14
DA:29,8
DA:30,8
DA:31,10
DA:33,8
DA:37,4
DA:39,3
DA:40,3
DA:42,1
DA:43,1
DA:47,2
DA:48,2
DA:52,5
DA:54,4
DA:55,4
DA:57,2
DA:58,2
DA:62,1
DA:63,1
DA:64,0
DA:65,0
DA:67,1
DA:69,1
DA:84,0
DA:85,0
DA:86,0
DA:87,0
DA:88,0
DA:90,0
DA:96,43
DA:97,43
DA:101,1
DA:102,14
DA:103,14
DA:104,39
DA:106,14
DA:109,1
LF:49
LH:34
BRDA:15,0,0,0
BRDA:15,0,1,0
BRDA:27,1,0,6
BRDA:27,1,1,8
BRDA:27,2,0,14
BRDA:27,2,1,10
BRDA:37,3,0,1
BRDA:37,3,1,3
BRDA:40,4,0,2
BRDA:40,4,1,1
BRDA:52,5,0,1
BRDA:52,5,1,4
BRDA:55,6,0,2
BRDA:55,6,1,2
BRDA:62,7,0,0
BRDA:62,7,1,1
BRDA:63,8,0,0
BRDA:63,8,1,1
BRF:18
BRH:14
end_of_record
